--------------------------------------------------------------------------------
Release 14.7 Trace  (nt64)
Copyright (c) 1995-2013 Xilinx, Inc.  All rights reserved.

C:\Xilinx\14.7\ISE_DS\ISE\bin\nt64\unwrapped\trce.exe -intstyle ise -v 3 -s 2
-n 3 -fastpaths -xml random.twx random.ncd -o random.twr random.pcf

Design file:              random.ncd
Physical constraint file: random.pcf
Device,package,speed:     xc6slx16,csg324,C,-2 (PRODUCTION 1.23 2013-10-13)
Report level:             verbose report

Environment Variable      Effect 
--------------------      ------ 
NONE                      No environment variables were set
--------------------------------------------------------------------------------

INFO:Timing:2698 - No timing constraints found, doing default enumeration.
INFO:Timing:3412 - To improve timing, see the Timing Closure User Guide (UG612).
INFO:Timing:2752 - To get complete path coverage, use the unconstrained paths 
   option. All paths that are not constrained will be reported in the 
   unconstrained paths section(s) of the report.
INFO:Timing:3339 - The clock-to-out numbers in this timing report are based on 
   a 50 Ohm transmission line loading model.  For the details of this model, 
   and for more information on accounting for different loading conditions, 
   please see the device datasheet.



Data Sheet report:
-----------------
All values displayed in nanoseconds (ns)

Clock clk to Pad
--------------+-----------------+------------+-----------------+------------+------------------+--------+
              |Max (slowest) clk|  Process   |Min (fastest) clk|  Process   |                  | Clock  |
Destination   |  (edge) to PAD  |   Corner   |  (edge) to PAD  |   Corner   |Internal Clock(s) | Phase  |
--------------+-----------------+------------+-----------------+------------+------------------+--------+
random_num<0> |         9.286(R)|      SLOW  |         3.918(R)|      FAST  |clk_BUFGP         |   0.000|
random_num<1> |         9.222(R)|      SLOW  |         3.884(R)|      FAST  |clk_BUFGP         |   0.000|
random_num<2> |         9.244(R)|      SLOW  |         3.910(R)|      FAST  |clk_BUFGP         |   0.000|
random_num<3> |         9.751(R)|      SLOW  |         4.219(R)|      FAST  |clk_BUFGP         |   0.000|
random_num<4> |         8.502(R)|      SLOW  |         3.392(R)|      FAST  |clk_BUFGP         |   0.000|
random_num<5> |         8.500(R)|      SLOW  |         3.390(R)|      FAST  |clk_BUFGP         |   0.000|
random_num<6> |         8.367(R)|      SLOW  |         3.343(R)|      FAST  |clk_BUFGP         |   0.000|
random_num<7> |         8.367(R)|      SLOW  |         3.343(R)|      FAST  |clk_BUFGP         |   0.000|
random_num<8> |         8.562(R)|      SLOW  |         3.452(R)|      FAST  |clk_BUFGP         |   0.000|
random_num<9> |         8.560(R)|      SLOW  |         3.450(R)|      FAST  |clk_BUFGP         |   0.000|
random_num<10>|         8.490(R)|      SLOW  |         3.390(R)|      FAST  |clk_BUFGP         |   0.000|
random_num<11>|         8.493(R)|      SLOW  |         3.393(R)|      FAST  |clk_BUFGP         |   0.000|
random_num<12>|         8.436(R)|      SLOW  |         3.384(R)|      FAST  |clk_BUFGP         |   0.000|
random_num<13>|         8.436(R)|      SLOW  |         3.384(R)|      FAST  |clk_BUFGP         |   0.000|
random_num<14>|         8.920(R)|      SLOW  |         3.620(R)|      FAST  |clk_BUFGP         |   0.000|
random_num<15>|         8.918(R)|      SLOW  |         3.642(R)|      FAST  |clk_BUFGP         |   0.000|
random_num<16>|         8.532(R)|      SLOW  |         3.466(R)|      FAST  |clk_BUFGP         |   0.000|
random_num<17>|         8.788(R)|      SLOW  |         3.651(R)|      FAST  |clk_BUFGP         |   0.000|
random_num<18>|         8.460(R)|      SLOW  |         3.404(R)|      FAST  |clk_BUFGP         |   0.000|
random_num<19>|         8.460(R)|      SLOW  |         3.404(R)|      FAST  |clk_BUFGP         |   0.000|
random_num<20>|         8.413(R)|      SLOW  |         3.402(R)|      FAST  |clk_BUFGP         |   0.000|
random_num<21>|         8.413(R)|      SLOW  |         3.402(R)|      FAST  |clk_BUFGP         |   0.000|
random_num<22>|         9.026(R)|      SLOW  |         3.767(R)|      FAST  |clk_BUFGP         |   0.000|
random_num<23>|         9.022(R)|      SLOW  |         3.787(R)|      FAST  |clk_BUFGP         |   0.000|
random_num<24>|         8.723(R)|      SLOW  |         3.591(R)|      FAST  |clk_BUFGP         |   0.000|
random_num<25>|         8.977(R)|      SLOW  |         3.734(R)|      FAST  |clk_BUFGP         |   0.000|
random_num<26>|         8.701(R)|      SLOW  |         3.544(R)|      FAST  |clk_BUFGP         |   0.000|
random_num<27>|         8.701(R)|      SLOW  |         3.544(R)|      FAST  |clk_BUFGP         |   0.000|
random_num<28>|         8.625(R)|      SLOW  |         3.518(R)|      FAST  |clk_BUFGP         |   0.000|
random_num<29>|         8.833(R)|      SLOW  |         3.650(R)|      FAST  |clk_BUFGP         |   0.000|
random_num<30>|         8.602(R)|      SLOW  |         3.444(R)|      FAST  |clk_BUFGP         |   0.000|
random_num<31>|         8.517(R)|      SLOW  |         3.400(R)|      FAST  |clk_BUFGP         |   0.000|
--------------+-----------------+------------+-----------------+------------+------------------+--------+

Clock to Setup on destination clock clk
---------------+---------+---------+---------+---------+
               | Src:Rise| Src:Fall| Src:Rise| Src:Fall|
Source Clock   |Dest:Rise|Dest:Rise|Dest:Fall|Dest:Fall|
---------------+---------+---------+---------+---------+
clk            |    2.047|         |         |         |
---------------+---------+---------+---------+---------+


Analysis completed Thu May 29 18:37:35 2014 
--------------------------------------------------------------------------------

Trace Settings:
-------------------------
Trace Settings 

Peak Memory Usage: 239 MB



