--------------------------------------------------------------------------------
Release 14.7 Trace  (nt64)
Copyright (c) 1995-2013 Xilinx, Inc.  All rights reserved.

C:\Xilinx\14.7\ISE_DS\ISE\bin\nt64\unwrapped\trce.exe -intstyle ise -v 3 -s 2
-n 3 -fastpaths -xml parity_vhdl.twx parity_vhdl.ncd -o parity_vhdl.twr
parity_vhdl.pcf

Design file:              parity_vhdl.ncd
Physical constraint file: parity_vhdl.pcf
Device,package,speed:     xc6slx16,csg324,C,-2 (PRODUCTION 1.23 2013-10-13)
Report level:             verbose report

Environment Variable      Effect 
--------------------      ------ 
NONE                      No environment variables were set
--------------------------------------------------------------------------------

INFO:Timing:2698 - No timing constraints found, doing default enumeration.
INFO:Timing:3412 - To improve timing, see the Timing Closure User Guide (UG612).
INFO:Timing:2752 - To get complete path coverage, use the unconstrained paths 
   option. All paths that are not constrained will be reported in the 
   unconstrained paths section(s) of the report.
INFO:Timing:3339 - The clock-to-out numbers in this timing report are based on 
   a 50 Ohm transmission line loading model.  For the details of this model, 
   and for more information on accounting for different loading conditions, 
   please see the device datasheet.



Data Sheet report:
-----------------
All values displayed in nanoseconds (ns)

Pad to Pad
---------------+---------------+---------+
Source Pad     |Destination Pad|  Delay  |
---------------+---------------+---------+
A<0>           |p<0>           |    7.350|
A<0>           |p<7>           |    9.219|
A<1>           |p<1>           |    7.361|
A<1>           |p<7>           |    9.478|
A<2>           |p<2>           |    7.608|
A<2>           |p<7>           |    8.973|
A<3>           |p<3>           |    7.813|
A<3>           |p<7>           |    8.984|
A<4>           |p<4>           |    7.599|
A<4>           |p<7>           |    8.912|
A<5>           |p<5>           |    7.619|
A<5>           |p<7>           |    8.702|
A<6>           |p<6>           |    7.331|
A<6>           |p<7>           |    8.583|
---------------+---------------+---------+


Analysis completed Tue May 20 22:18:10 2014 
--------------------------------------------------------------------------------

Trace Settings:
-------------------------
Trace Settings 

Peak Memory Usage: 238 MB



